The system is: Linux - 3.11.0-15-generic - x86_64
Compiling the C compiler identification source file "CMakeCCompilerId.c" succeeded.
Compiler: /usr/bin/cc 
Build flags: 
Id flags: 

The output was:
0


Compilation of the C compiler identification source "CMakeCCompilerId.c" produced "a.out"

The C compiler identification is GNU, found in "/home/dev/libwebsockets/CMakeFiles/2.8.11.2/CompilerIdC/a.out"

Compiling the CXX compiler identification source file "CMakeCXXCompilerId.cpp" succeeded.
Compiler: /usr/bin/c++ 
Build flags: 
Id flags: 

The output was:
0


Compilation of the CXX compiler identification source "CMakeCXXCompilerId.cpp" produced "a.out"

The CXX compiler identification is GNU, found in "/home/dev/libwebsockets/CMakeFiles/2.8.11.2/CompilerIdCXX/a.out"

Determining if the C compiler works passed with the following output:
Change Dir: /home/dev/libwebsockets/CMakeFiles/CMakeTmp

Run Build Command:/usr/bin/make "cmTryCompileExec3185253808/fast"
/usr/bin/make -f CMakeFiles/cmTryCompileExec3185253808.dir/build.make CMakeFiles/cmTryCompileExec3185253808.dir/build
make[1]: Entering directory `/home/dev/libwebsockets/CMakeFiles/CMakeTmp'
/usr/bin/cmake -E cmake_progress_report /home/dev/libwebsockets/CMakeFiles/CMakeTmp/CMakeFiles 1
Building C object CMakeFiles/cmTryCompileExec3185253808.dir/testCCompiler.c.o
/usr/bin/cc    -o CMakeFiles/cmTryCompileExec3185253808.dir/testCCompiler.c.o   -c /home/dev/libwebsockets/CMakeFiles/CMakeTmp/testCCompiler.c
Linking C executable cmTryCompileExec3185253808
/usr/bin/cmake -E cmake_link_script CMakeFiles/cmTryCompileExec3185253808.dir/link.txt --verbose=1
/usr/bin/cc         CMakeFiles/cmTryCompileExec3185253808.dir/testCCompiler.c.o  -o cmTryCompileExec3185253808 -rdynamic 
make[1]: Leaving directory `/home/dev/libwebsockets/CMakeFiles/CMakeTmp'


Detecting C compiler ABI info compiled with the following output:
Change Dir: /home/dev/libwebsockets/CMakeFiles/CMakeTmp

Run Build Command:/usr/bin/make "cmTryCompileExec847968490/fast"
/usr/bin/make -f CMakeFiles/cmTryCompileExec847968490.dir/build.make CMakeFiles/cmTryCompileExec847968490.dir/build
make[1]: Entering directory `/home/dev/libwebsockets/CMakeFiles/CMakeTmp'
/usr/bin/cmake -E cmake_progress_report /home/dev/libwebsockets/CMakeFiles/CMakeTmp/CMakeFiles 1
Building C object CMakeFiles/cmTryCompileExec847968490.dir/CMakeCCompilerABI.c.o
/usr/bin/cc    -o CMakeFiles/cmTryCompileExec847968490.dir/CMakeCCompilerABI.c.o   -c /usr/share/cmake-2.8/Modules/CMakeCCompilerABI.c
Linking C executable cmTryCompileExec847968490
/usr/bin/cmake -E cmake_link_script CMakeFiles/cmTryCompileExec847968490.dir/link.txt --verbose=1
/usr/bin/cc       -v CMakeFiles/cmTryCompileExec847968490.dir/CMakeCCompilerABI.c.o  -o cmTryCompileExec847968490 -rdynamic  
Using built-in specs.
COLLECT_GCC=/usr/bin/cc
COLLECT_LTO_WRAPPER=/usr/lib/gcc/x86_64-linux-gnu/4.8/lto-wrapper
Target: x86_64-linux-gnu
Configured with: ../src/configure -v --with-pkgversion='Ubuntu/Linaro 4.8.1-10ubuntu9' --with-bugurl=file:///usr/share/doc/gcc-4.8/README.Bugs --enable-languages=c,c++,java,go,d,fortran,objc,obj-c++ --prefix=/usr --program-suffix=-4.8 --enable-shared --enable-linker-build-id --libexecdir=/usr/lib --without-included-gettext --enable-threads=posix --with-gxx-include-dir=/usr/include/c++/4.8 --libdir=/usr/lib --enable-nls --with-sysroot=/ --enable-clocale=gnu --enable-libstdcxx-debug --enable-libstdcxx-time=yes --enable-gnu-unique-object --enable-plugin --with-system-zlib --disable-browser-plugin --enable-java-awt=gtk --enable-gtk-cairo --with-java-home=/usr/lib/jvm/java-1.5.0-gcj-4.8-amd64/jre --enable-java-home --with-jvm-root-dir=/usr/lib/jvm/java-1.5.0-gcj-4.8-amd64 --with-jvm-jar-dir=/usr/lib/jvm-exports/java-1.5.0-gcj-4.8-amd64 --with-arch-directory=amd64 --with-ecj-jar=/usr/share/java/eclipse-ecj.jar --enable-objc-gc --enable-multiarch --disable-werror --with-arch-32=i686 --with-abi=m64 --with-multilib-list=m32,m64,mx32 --with-tune=generic --enable-checking=release --build=x86_64-linux-gnu --host=x86_64-linux-gnu --target=x86_64-linux-gnu
Thread model: posix
gcc version 4.8.1 (Ubuntu/Linaro 4.8.1-10ubuntu9) 
COMPILER_PATH=/usr/lib/gcc/x86_64-linux-gnu/4.8/:/usr/lib/gcc/x86_64-linux-gnu/4.8/:/usr/lib/gcc/x86_64-linux-gnu/:/usr/lib/gcc/x86_64-linux-gnu/4.8/:/usr/lib/gcc/x86_64-linux-gnu/
LIBRARY_PATH=/usr/lib/gcc/x86_64-linux-gnu/4.8/:/usr/lib/gcc/x86_64-linux-gnu/4.8/../../../x86_64-linux-gnu/:/usr/lib/gcc/x86_64-linux-gnu/4.8/../../../../lib/:/lib/x86_64-linux-gnu/:/lib/../lib/:/usr/lib/x86_64-linux-gnu/:/usr/lib/../lib/:/usr/lib/gcc/x86_64-linux-gnu/4.8/../../../:/lib/:/usr/lib/
COLLECT_GCC_OPTIONS='-v' '-o' 'cmTryCompileExec847968490' '-rdynamic' '-mtune=generic' '-march=x86-64'
 /usr/lib/gcc/x86_64-linux-gnu/4.8/collect2 --sysroot=/ --build-id --eh-frame-hdr -m elf_x86_64 --hash-style=gnu --as-needed -export-dynamic -dynamic-linker /lib64/ld-linux-x86-64.so.2 -z relro -o cmTryCompileExec847968490 /usr/lib/gcc/x86_64-linux-gnu/4.8/../../../x86_64-linux-gnu/crt1.o /usr/lib/gcc/x86_64-linux-gnu/4.8/../../../x86_64-linux-gnu/crti.o /usr/lib/gcc/x86_64-linux-gnu/4.8/crtbegin.o -L/usr/lib/gcc/x86_64-linux-gnu/4.8 -L/usr/lib/gcc/x86_64-linux-gnu/4.8/../../../x86_64-linux-gnu -L/usr/lib/gcc/x86_64-linux-gnu/4.8/../../../../lib -L/lib/x86_64-linux-gnu -L/lib/../lib -L/usr/lib/x86_64-linux-gnu -L/usr/lib/../lib -L/usr/lib/gcc/x86_64-linux-gnu/4.8/../../.. CMakeFiles/cmTryCompileExec847968490.dir/CMakeCCompilerABI.c.o -lgcc --as-needed -lgcc_s --no-as-needed -lc -lgcc --as-needed -lgcc_s --no-as-needed /usr/lib/gcc/x86_64-linux-gnu/4.8/crtend.o /usr/lib/gcc/x86_64-linux-gnu/4.8/../../../x86_64-linux-gnu/crtn.o
make[1]: Leaving directory `/home/dev/libwebsockets/CMakeFiles/CMakeTmp'


Parsed C implicit link information from above output:
  link line regex: [^( *|.*[/\])(ld|ld|collect2)[^/\]*( |$)]
  ignore line: [Change Dir: /home/dev/libwebsockets/CMakeFiles/CMakeTmp]
  ignore line: []
  ignore line: [Run Build Command:/usr/bin/make "cmTryCompileExec847968490/fast"]
  ignore line: [/usr/bin/make -f CMakeFiles/cmTryCompileExec847968490.dir/build.make CMakeFiles/cmTryCompileExec847968490.dir/build]
  ignore line: [make[1]: Entering directory `/home/dev/libwebsockets/CMakeFiles/CMakeTmp']
  ignore line: [/usr/bin/cmake -E cmake_progress_report /home/dev/libwebsockets/CMakeFiles/CMakeTmp/CMakeFiles 1]
  ignore line: [Building C object CMakeFiles/cmTryCompileExec847968490.dir/CMakeCCompilerABI.c.o]
  ignore line: [/usr/bin/cc    -o CMakeFiles/cmTryCompileExec847968490.dir/CMakeCCompilerABI.c.o   -c /usr/share/cmake-2.8/Modules/CMakeCCompilerABI.c]
  ignore line: [Linking C executable cmTryCompileExec847968490]
  ignore line: [/usr/bin/cmake -E cmake_link_script CMakeFiles/cmTryCompileExec847968490.dir/link.txt --verbose=1]
  ignore line: [/usr/bin/cc       -v CMakeFiles/cmTryCompileExec847968490.dir/CMakeCCompilerABI.c.o  -o cmTryCompileExec847968490 -rdynamic  ]
  ignore line: [Using built-in specs.]
  ignore line: [COLLECT_GCC=/usr/bin/cc]
  ignore line: [COLLECT_LTO_WRAPPER=/usr/lib/gcc/x86_64-linux-gnu/4.8/lto-wrapper]
  ignore line: [Target: x86_64-linux-gnu]
  ignore line: [Configured with: ../src/configure -v --with-pkgversion='Ubuntu/Linaro 4.8.1-10ubuntu9' --with-bugurl=file:///usr/share/doc/gcc-4.8/README.Bugs --enable-languages=c,c++,java,go,d,fortran,objc,obj-c++ --prefix=/usr --program-suffix=-4.8 --enable-shared --enable-linker-build-id --libexecdir=/usr/lib --without-included-gettext --enable-threads=posix --with-gxx-include-dir=/usr/include/c++/4.8 --libdir=/usr/lib --enable-nls --with-sysroot=/ --enable-clocale=gnu --enable-libstdcxx-debug --enable-libstdcxx-time=yes --enable-gnu-unique-object --enable-plugin --with-system-zlib --disable-browser-plugin --enable-java-awt=gtk --enable-gtk-cairo --with-java-home=/usr/lib/jvm/java-1.5.0-gcj-4.8-amd64/jre --enable-java-home --with-jvm-root-dir=/usr/lib/jvm/java-1.5.0-gcj-4.8-amd64 --with-jvm-jar-dir=/usr/lib/jvm-exports/java-1.5.0-gcj-4.8-amd64 --with-arch-directory=amd64 --with-ecj-jar=/usr/share/java/eclipse-ecj.jar --enable-objc-gc --enable-multiarch --disable-werror --with-arch-32=i686 --with-abi=m64 --with-multilib-list=m32,m64,mx32 --with-tune=generic --enable-checking=release --build=x86_64-linux-gnu --host=x86_64-linux-gnu --target=x86_64-linux-gnu]
  ignore line: [Thread model: posix]
  ignore line: [gcc version 4.8.1 (Ubuntu/Linaro 4.8.1-10ubuntu9) ]
  ignore line: [COMPILER_PATH=/usr/lib/gcc/x86_64-linux-gnu/4.8/:/usr/lib/gcc/x86_64-linux-gnu/4.8/:/usr/lib/gcc/x86_64-linux-gnu/:/usr/lib/gcc/x86_64-linux-gnu/4.8/:/usr/lib/gcc/x86_64-linux-gnu/]
  ignore line: [LIBRARY_PATH=/usr/lib/gcc/x86_64-linux-gnu/4.8/:/usr/lib/gcc/x86_64-linux-gnu/4.8/../../../x86_64-linux-gnu/:/usr/lib/gcc/x86_64-linux-gnu/4.8/../../../../lib/:/lib/x86_64-linux-gnu/:/lib/../lib/:/usr/lib/x86_64-linux-gnu/:/usr/lib/../lib/:/usr/lib/gcc/x86_64-linux-gnu/4.8/../../../:/lib/:/usr/lib/]
  ignore line: [COLLECT_GCC_OPTIONS='-v' '-o' 'cmTryCompileExec847968490' '-rdynamic' '-mtune=generic' '-march=x86-64']
  link line: [ /usr/lib/gcc/x86_64-linux-gnu/4.8/collect2 --sysroot=/ --build-id --eh-frame-hdr -m elf_x86_64 --hash-style=gnu --as-needed -export-dynamic -dynamic-linker /lib64/ld-linux-x86-64.so.2 -z relro -o cmTryCompileExec847968490 /usr/lib/gcc/x86_64-linux-gnu/4.8/../../../x86_64-linux-gnu/crt1.o /usr/lib/gcc/x86_64-linux-gnu/4.8/../../../x86_64-linux-gnu/crti.o /usr/lib/gcc/x86_64-linux-gnu/4.8/crtbegin.o -L/usr/lib/gcc/x86_64-linux-gnu/4.8 -L/usr/lib/gcc/x86_64-linux-gnu/4.8/../../../x86_64-linux-gnu -L/usr/lib/gcc/x86_64-linux-gnu/4.8/../../../../lib -L/lib/x86_64-linux-gnu -L/lib/../lib -L/usr/lib/x86_64-linux-gnu -L/usr/lib/../lib -L/usr/lib/gcc/x86_64-linux-gnu/4.8/../../.. CMakeFiles/cmTryCompileExec847968490.dir/CMakeCCompilerABI.c.o -lgcc --as-needed -lgcc_s --no-as-needed -lc -lgcc --as-needed -lgcc_s --no-as-needed /usr/lib/gcc/x86_64-linux-gnu/4.8/crtend.o /usr/lib/gcc/x86_64-linux-gnu/4.8/../../../x86_64-linux-gnu/crtn.o]
    arg [/usr/lib/gcc/x86_64-linux-gnu/4.8/collect2] ==> ignore
    arg [--sysroot=/] ==> ignore
    arg [--build-id] ==> ignore
    arg [--eh-frame-hdr] ==> ignore
    arg [-m] ==> ignore
    arg [elf_x86_64] ==> ignore
    arg [--hash-style=gnu] ==> ignore
    arg [--as-needed] ==> ignore
    arg [-export-dynamic] ==> ignore
    arg [-dynamic-linker] ==> ignore
    arg [/lib64/ld-linux-x86-64.so.2] ==> ignore
    arg [-zrelro] ==> ignore
    arg [-o] ==> ignore
    arg [cmTryCompileExec847968490] ==> ignore
    arg [/usr/lib/gcc/x86_64-linux-gnu/4.8/../../../x86_64-linux-gnu/crt1.o] ==> ignore
    arg [/usr/lib/gcc/x86_64-linux-gnu/4.8/../../../x86_64-linux-gnu/crti.o] ==> ignore
    arg [/usr/lib/gcc/x86_64-linux-gnu/4.8/crtbegin.o] ==> ignore
    arg [-L/usr/lib/gcc/x86_64-linux-gnu/4.8] ==> dir [/usr/lib/gcc/x86_64-linux-gnu/4.8]
    arg [-L/usr/lib/gcc/x86_64-linux-gnu/4.8/../../../x86_64-linux-gnu] ==> dir [/usr/lib/gcc/x86_64-linux-gnu/4.8/../../../x86_64-linux-gnu]
    arg [-L/usr/lib/gcc/x86_64-linux-gnu/4.8/../../../../lib] ==> dir [/usr/lib/gcc/x86_64-linux-gnu/4.8/../../../../lib]
    arg [-L/lib/x86_64-linux-gnu] ==> dir [/lib/x86_64-linux-gnu]
    arg [-L/lib/../lib] ==> dir [/lib/../lib]
    arg [-L/usr/lib/x86_64-linux-gnu] ==> dir [/usr/lib/x86_64-linux-gnu]
    arg [-L/usr/lib/../lib] ==> dir [/usr/lib/../lib]
    arg [-L/usr/lib/gcc/x86_64-linux-gnu/4.8/../../..] ==> dir [/usr/lib/gcc/x86_64-linux-gnu/4.8/../../..]
    arg [CMakeFiles/cmTryCompileExec847968490.dir/CMakeCCompilerABI.c.o] ==> ignore
    arg [-lgcc] ==> lib [gcc]
    arg [--as-needed] ==> ignore
    arg [-lgcc_s] ==> lib [gcc_s]
    arg [--no-as-needed] ==> ignore
    arg [-lc] ==> lib [c]
    arg [-lgcc] ==> lib [gcc]
    arg [--as-needed] ==> ignore
    arg [-lgcc_s] ==> lib [gcc_s]
    arg [--no-as-needed] ==> ignore
    arg [/usr/lib/gcc/x86_64-linux-gnu/4.8/crtend.o] ==> ignore
    arg [/usr/lib/gcc/x86_64-linux-gnu/4.8/../../../x86_64-linux-gnu/crtn.o] ==> ignore
  remove lib [gcc]
  remove lib [gcc_s]
  remove lib [gcc]
  remove lib [gcc_s]
  collapse library dir [/usr/lib/gcc/x86_64-linux-gnu/4.8] ==> [/usr/lib/gcc/x86_64-linux-gnu/4.8]
  collapse library dir [/usr/lib/gcc/x86_64-linux-gnu/4.8/../../../x86_64-linux-gnu] ==> [/usr/lib/x86_64-linux-gnu]
  collapse library dir [/usr/lib/gcc/x86_64-linux-gnu/4.8/../../../../lib] ==> [/usr/lib]
  collapse library dir [/lib/x86_64-linux-gnu] ==> [/lib/x86_64-linux-gnu]
  collapse library dir [/lib/../lib] ==> [/lib]
  collapse library dir [/usr/lib/x86_64-linux-gnu] ==> [/usr/lib/x86_64-linux-gnu]
  collapse library dir [/usr/lib/../lib] ==> [/usr/lib]
  collapse library dir [/usr/lib/gcc/x86_64-linux-gnu/4.8/../../..] ==> [/usr/lib]
  implicit libs: [c]
  implicit dirs: [/usr/lib/gcc/x86_64-linux-gnu/4.8;/usr/lib/x86_64-linux-gnu;/usr/lib;/lib/x86_64-linux-gnu;/lib]
  implicit fwks: []


Determining if the CXX compiler works passed with the following output:
Change Dir: /home/dev/libwebsockets/CMakeFiles/CMakeTmp

Run Build Command:/usr/bin/make "cmTryCompileExec604598310/fast"
/usr/bin/make -f CMakeFiles/cmTryCompileExec604598310.dir/build.make CMakeFiles/cmTryCompileExec604598310.dir/build
make[1]: Entering directory `/home/dev/libwebsockets/CMakeFiles/CMakeTmp'
/usr/bin/cmake -E cmake_progress_report /home/dev/libwebsockets/CMakeFiles/CMakeTmp/CMakeFiles 1
Building CXX object CMakeFiles/cmTryCompileExec604598310.dir/testCXXCompiler.cxx.o
/usr/bin/c++     -o CMakeFiles/cmTryCompileExec604598310.dir/testCXXCompiler.cxx.o -c /home/dev/libwebsockets/CMakeFiles/CMakeTmp/testCXXCompiler.cxx
Linking CXX executable cmTryCompileExec604598310
/usr/bin/cmake -E cmake_link_script CMakeFiles/cmTryCompileExec604598310.dir/link.txt --verbose=1
/usr/bin/c++          CMakeFiles/cmTryCompileExec604598310.dir/testCXXCompiler.cxx.o  -o cmTryCompileExec604598310 -rdynamic 
make[1]: Leaving directory `/home/dev/libwebsockets/CMakeFiles/CMakeTmp'


Detecting CXX compiler ABI info compiled with the following output:
Change Dir: /home/dev/libwebsockets/CMakeFiles/CMakeTmp

Run Build Command:/usr/bin/make "cmTryCompileExec969798563/fast"
/usr/bin/make -f CMakeFiles/cmTryCompileExec969798563.dir/build.make CMakeFiles/cmTryCompileExec969798563.dir/build
make[1]: Entering directory `/home/dev/libwebsockets/CMakeFiles/CMakeTmp'
/usr/bin/cmake -E cmake_progress_report /home/dev/libwebsockets/CMakeFiles/CMakeTmp/CMakeFiles 1
Building CXX object CMakeFiles/cmTryCompileExec969798563.dir/CMakeCXXCompilerABI.cpp.o
/usr/bin/c++     -o CMakeFiles/cmTryCompileExec969798563.dir/CMakeCXXCompilerABI.cpp.o -c /usr/share/cmake-2.8/Modules/CMakeCXXCompilerABI.cpp
Linking CXX executable cmTryCompileExec969798563
/usr/bin/cmake -E cmake_link_script CMakeFiles/cmTryCompileExec969798563.dir/link.txt --verbose=1
/usr/bin/c++        -v CMakeFiles/cmTryCompileExec969798563.dir/CMakeCXXCompilerABI.cpp.o  -o cmTryCompileExec969798563 -rdynamic  
Using built-in specs.
COLLECT_GCC=/usr/bin/c++
COLLECT_LTO_WRAPPER=/usr/lib/gcc/x86_64-linux-gnu/4.8/lto-wrapper
Target: x86_64-linux-gnu
Configured with: ../src/configure -v --with-pkgversion='Ubuntu/Linaro 4.8.1-10ubuntu9' --with-bugurl=file:///usr/share/doc/gcc-4.8/README.Bugs --enable-languages=c,c++,java,go,d,fortran,objc,obj-c++ --prefix=/usr --program-suffix=-4.8 --enable-shared --enable-linker-build-id --libexecdir=/usr/lib --without-included-gettext --enable-threads=posix --with-gxx-include-dir=/usr/include/c++/4.8 --libdir=/usr/lib --enable-nls --with-sysroot=/ --enable-clocale=gnu --enable-libstdcxx-debug --enable-libstdcxx-time=yes --enable-gnu-unique-object --enable-plugin --with-system-zlib --disable-browser-plugin --enable-java-awt=gtk --enable-gtk-cairo --with-java-home=/usr/lib/jvm/java-1.5.0-gcj-4.8-amd64/jre --enable-java-home --with-jvm-root-dir=/usr/lib/jvm/java-1.5.0-gcj-4.8-amd64 --with-jvm-jar-dir=/usr/lib/jvm-exports/java-1.5.0-gcj-4.8-amd64 --with-arch-directory=amd64 --with-ecj-jar=/usr/share/java/eclipse-ecj.jar --enable-objc-gc --enable-multiarch --disable-werror --with-arch-32=i686 --with-abi=m64 --with-multilib-list=m32,m64,mx32 --with-tune=generic --enable-checking=release --build=x86_64-linux-gnu --host=x86_64-linux-gnu --target=x86_64-linux-gnu
Thread model: posix
gcc version 4.8.1 (Ubuntu/Linaro 4.8.1-10ubuntu9) 
COMPILER_PATH=/usr/lib/gcc/x86_64-linux-gnu/4.8/:/usr/lib/gcc/x86_64-linux-gnu/4.8/:/usr/lib/gcc/x86_64-linux-gnu/:/usr/lib/gcc/x86_64-linux-gnu/4.8/:/usr/lib/gcc/x86_64-linux-gnu/
LIBRARY_PATH=/usr/lib/gcc/x86_64-linux-gnu/4.8/:/usr/lib/gcc/x86_64-linux-gnu/4.8/../../../x86_64-linux-gnu/:/usr/lib/gcc/x86_64-linux-gnu/4.8/../../../../lib/:/lib/x86_64-linux-gnu/:/lib/../lib/:/usr/lib/x86_64-linux-gnu/:/usr/lib/../lib/:/usr/lib/gcc/x86_64-linux-gnu/4.8/../../../:/lib/:/usr/lib/
COLLECT_GCC_OPTIONS='-v' '-o' 'cmTryCompileExec969798563' '-rdynamic' '-shared-libgcc' '-mtune=generic' '-march=x86-64'
 /usr/lib/gcc/x86_64-linux-gnu/4.8/collect2 --sysroot=/ --build-id --eh-frame-hdr -m elf_x86_64 --hash-style=gnu --as-needed -export-dynamic -dynamic-linker /lib64/ld-linux-x86-64.so.2 -z relro -o cmTryCompileExec969798563 /usr/lib/gcc/x86_64-linux-gnu/4.8/../../../x86_64-linux-gnu/crt1.o /usr/lib/gcc/x86_64-linux-gnu/4.8/../../../x86_64-linux-gnu/crti.o /usr/lib/gcc/x86_64-linux-gnu/4.8/crtbegin.o -L/usr/lib/gcc/x86_64-linux-gnu/4.8 -L/usr/lib/gcc/x86_64-linux-gnu/4.8/../../../x86_64-linux-gnu -L/usr/lib/gcc/x86_64-linux-gnu/4.8/../../../../lib -L/lib/x86_64-linux-gnu -L/lib/../lib -L/usr/lib/x86_64-linux-gnu -L/usr/lib/../lib -L/usr/lib/gcc/x86_64-linux-gnu/4.8/../../.. CMakeFiles/cmTryCompileExec969798563.dir/CMakeCXXCompilerABI.cpp.o -lstdc++ -lm -lgcc_s -lgcc -lc -lgcc_s -lgcc /usr/lib/gcc/x86_64-linux-gnu/4.8/crtend.o /usr/lib/gcc/x86_64-linux-gnu/4.8/../../../x86_64-linux-gnu/crtn.o
make[1]: Leaving directory `/home/dev/libwebsockets/CMakeFiles/CMakeTmp'


Parsed CXX implicit link information from above output:
  link line regex: [^( *|.*[/\])(ld|ld|collect2)[^/\]*( |$)]
  ignore line: [Change Dir: /home/dev/libwebsockets/CMakeFiles/CMakeTmp]
  ignore line: []
  ignore line: [Run Build Command:/usr/bin/make "cmTryCompileExec969798563/fast"]
  ignore line: [/usr/bin/make -f CMakeFiles/cmTryCompileExec969798563.dir/build.make CMakeFiles/cmTryCompileExec969798563.dir/build]
  ignore line: [make[1]: Entering directory `/home/dev/libwebsockets/CMakeFiles/CMakeTmp']
  ignore line: [/usr/bin/cmake -E cmake_progress_report /home/dev/libwebsockets/CMakeFiles/CMakeTmp/CMakeFiles 1]
  ignore line: [Building CXX object CMakeFiles/cmTryCompileExec969798563.dir/CMakeCXXCompilerABI.cpp.o]
  ignore line: [/usr/bin/c++     -o CMakeFiles/cmTryCompileExec969798563.dir/CMakeCXXCompilerABI.cpp.o -c /usr/share/cmake-2.8/Modules/CMakeCXXCompilerABI.cpp]
  ignore line: [Linking CXX executable cmTryCompileExec969798563]
  ignore line: [/usr/bin/cmake -E cmake_link_script CMakeFiles/cmTryCompileExec969798563.dir/link.txt --verbose=1]
  ignore line: [/usr/bin/c++        -v CMakeFiles/cmTryCompileExec969798563.dir/CMakeCXXCompilerABI.cpp.o  -o cmTryCompileExec969798563 -rdynamic  ]
  ignore line: [Using built-in specs.]
  ignore line: [COLLECT_GCC=/usr/bin/c++]
  ignore line: [COLLECT_LTO_WRAPPER=/usr/lib/gcc/x86_64-linux-gnu/4.8/lto-wrapper]
  ignore line: [Target: x86_64-linux-gnu]
  ignore line: [Configured with: ../src/configure -v --with-pkgversion='Ubuntu/Linaro 4.8.1-10ubuntu9' --with-bugurl=file:///usr/share/doc/gcc-4.8/README.Bugs --enable-languages=c,c++,java,go,d,fortran,objc,obj-c++ --prefix=/usr --program-suffix=-4.8 --enable-shared --enable-linker-build-id --libexecdir=/usr/lib --without-included-gettext --enable-threads=posix --with-gxx-include-dir=/usr/include/c++/4.8 --libdir=/usr/lib --enable-nls --with-sysroot=/ --enable-clocale=gnu --enable-libstdcxx-debug --enable-libstdcxx-time=yes --enable-gnu-unique-object --enable-plugin --with-system-zlib --disable-browser-plugin --enable-java-awt=gtk --enable-gtk-cairo --with-java-home=/usr/lib/jvm/java-1.5.0-gcj-4.8-amd64/jre --enable-java-home --with-jvm-root-dir=/usr/lib/jvm/java-1.5.0-gcj-4.8-amd64 --with-jvm-jar-dir=/usr/lib/jvm-exports/java-1.5.0-gcj-4.8-amd64 --with-arch-directory=amd64 --with-ecj-jar=/usr/share/java/eclipse-ecj.jar --enable-objc-gc --enable-multiarch --disable-werror --with-arch-32=i686 --with-abi=m64 --with-multilib-list=m32,m64,mx32 --with-tune=generic --enable-checking=release --build=x86_64-linux-gnu --host=x86_64-linux-gnu --target=x86_64-linux-gnu]
  ignore line: [Thread model: posix]
  ignore line: [gcc version 4.8.1 (Ubuntu/Linaro 4.8.1-10ubuntu9) ]
  ignore line: [COMPILER_PATH=/usr/lib/gcc/x86_64-linux-gnu/4.8/:/usr/lib/gcc/x86_64-linux-gnu/4.8/:/usr/lib/gcc/x86_64-linux-gnu/:/usr/lib/gcc/x86_64-linux-gnu/4.8/:/usr/lib/gcc/x86_64-linux-gnu/]
  ignore line: [LIBRARY_PATH=/usr/lib/gcc/x86_64-linux-gnu/4.8/:/usr/lib/gcc/x86_64-linux-gnu/4.8/../../../x86_64-linux-gnu/:/usr/lib/gcc/x86_64-linux-gnu/4.8/../../../../lib/:/lib/x86_64-linux-gnu/:/lib/../lib/:/usr/lib/x86_64-linux-gnu/:/usr/lib/../lib/:/usr/lib/gcc/x86_64-linux-gnu/4.8/../../../:/lib/:/usr/lib/]
  ignore line: [COLLECT_GCC_OPTIONS='-v' '-o' 'cmTryCompileExec969798563' '-rdynamic' '-shared-libgcc' '-mtune=generic' '-march=x86-64']
  link line: [ /usr/lib/gcc/x86_64-linux-gnu/4.8/collect2 --sysroot=/ --build-id --eh-frame-hdr -m elf_x86_64 --hash-style=gnu --as-needed -export-dynamic -dynamic-linker /lib64/ld-linux-x86-64.so.2 -z relro -o cmTryCompileExec969798563 /usr/lib/gcc/x86_64-linux-gnu/4.8/../../../x86_64-linux-gnu/crt1.o /usr/lib/gcc/x86_64-linux-gnu/4.8/../../../x86_64-linux-gnu/crti.o /usr/lib/gcc/x86_64-linux-gnu/4.8/crtbegin.o -L/usr/lib/gcc/x86_64-linux-gnu/4.8 -L/usr/lib/gcc/x86_64-linux-gnu/4.8/../../../x86_64-linux-gnu -L/usr/lib/gcc/x86_64-linux-gnu/4.8/../../../../lib -L/lib/x86_64-linux-gnu -L/lib/../lib -L/usr/lib/x86_64-linux-gnu -L/usr/lib/../lib -L/usr/lib/gcc/x86_64-linux-gnu/4.8/../../.. CMakeFiles/cmTryCompileExec969798563.dir/CMakeCXXCompilerABI.cpp.o -lstdc++ -lm -lgcc_s -lgcc -lc -lgcc_s -lgcc /usr/lib/gcc/x86_64-linux-gnu/4.8/crtend.o /usr/lib/gcc/x86_64-linux-gnu/4.8/../../../x86_64-linux-gnu/crtn.o]
    arg [/usr/lib/gcc/x86_64-linux-gnu/4.8/collect2] ==> ignore
    arg [--sysroot=/] ==> ignore
    arg [--build-id] ==> ignore
    arg [--eh-frame-hdr] ==> ignore
    arg [-m] ==> ignore
    arg [elf_x86_64] ==> ignore
    arg [--hash-style=gnu] ==> ignore
    arg [--as-needed] ==> ignore
    arg [-export-dynamic] ==> ignore
    arg [-dynamic-linker] ==> ignore
    arg [/lib64/ld-linux-x86-64.so.2] ==> ignore
    arg [-zrelro] ==> ignore
    arg [-o] ==> ignore
    arg [cmTryCompileExec969798563] ==> ignore
    arg [/usr/lib/gcc/x86_64-linux-gnu/4.8/../../../x86_64-linux-gnu/crt1.o] ==> ignore
    arg [/usr/lib/gcc/x86_64-linux-gnu/4.8/../../../x86_64-linux-gnu/crti.o] ==> ignore
    arg [/usr/lib/gcc/x86_64-linux-gnu/4.8/crtbegin.o] ==> ignore
    arg [-L/usr/lib/gcc/x86_64-linux-gnu/4.8] ==> dir [/usr/lib/gcc/x86_64-linux-gnu/4.8]
    arg [-L/usr/lib/gcc/x86_64-linux-gnu/4.8/../../../x86_64-linux-gnu] ==> dir [/usr/lib/gcc/x86_64-linux-gnu/4.8/../../../x86_64-linux-gnu]
    arg [-L/usr/lib/gcc/x86_64-linux-gnu/4.8/../../../../lib] ==> dir [/usr/lib/gcc/x86_64-linux-gnu/4.8/../../../../lib]
    arg [-L/lib/x86_64-linux-gnu] ==> dir [/lib/x86_64-linux-gnu]
    arg [-L/lib/../lib] ==> dir [/lib/../lib]
    arg [-L/usr/lib/x86_64-linux-gnu] ==> dir [/usr/lib/x86_64-linux-gnu]
    arg [-L/usr/lib/../lib] ==> dir [/usr/lib/../lib]
    arg [-L/usr/lib/gcc/x86_64-linux-gnu/4.8/../../..] ==> dir [/usr/lib/gcc/x86_64-linux-gnu/4.8/../../..]
    arg [CMakeFiles/cmTryCompileExec969798563.dir/CMakeCXXCompilerABI.cpp.o] ==> ignore
    arg [-lstdc++] ==> lib [stdc++]
    arg [-lm] ==> lib [m]
    arg [-lgcc_s] ==> lib [gcc_s]
    arg [-lgcc] ==> lib [gcc]
    arg [-lc] ==> lib [c]
    arg [-lgcc_s] ==> lib [gcc_s]
    arg [-lgcc] ==> lib [gcc]
    arg [/usr/lib/gcc/x86_64-linux-gnu/4.8/crtend.o] ==> ignore
    arg [/usr/lib/gcc/x86_64-linux-gnu/4.8/../../../x86_64-linux-gnu/crtn.o] ==> ignore
  remove lib [gcc_s]
  remove lib [gcc]
  remove lib [gcc_s]
  remove lib [gcc]
  collapse library dir [/usr/lib/gcc/x86_64-linux-gnu/4.8] ==> [/usr/lib/gcc/x86_64-linux-gnu/4.8]
  collapse library dir [/usr/lib/gcc/x86_64-linux-gnu/4.8/../../../x86_64-linux-gnu] ==> [/usr/lib/x86_64-linux-gnu]
  collapse library dir [/usr/lib/gcc/x86_64-linux-gnu/4.8/../../../../lib] ==> [/usr/lib]
  collapse library dir [/lib/x86_64-linux-gnu] ==> [/lib/x86_64-linux-gnu]
  collapse library dir [/lib/../lib] ==> [/lib]
  collapse library dir [/usr/lib/x86_64-linux-gnu] ==> [/usr/lib/x86_64-linux-gnu]
  collapse library dir [/usr/lib/../lib] ==> [/usr/lib]
  collapse library dir [/usr/lib/gcc/x86_64-linux-gnu/4.8/../../..] ==> [/usr/lib]
  implicit libs: [stdc++;m;c]
  implicit dirs: [/usr/lib/gcc/x86_64-linux-gnu/4.8;/usr/lib/x86_64-linux-gnu;/usr/lib;/lib/x86_64-linux-gnu;/lib]
  implicit fwks: []


Performing C SOURCE FILE Test HAVE_inline succeded with the following output:
Change Dir: /home/dev/libwebsockets/CMakeFiles/CMakeTmp

Run Build Command:/usr/bin/make "cmTryCompileExec4178707397/fast"
/usr/bin/make -f CMakeFiles/cmTryCompileExec4178707397.dir/build.make CMakeFiles/cmTryCompileExec4178707397.dir/build
make[1]: Entering directory `/home/dev/libwebsockets/CMakeFiles/CMakeTmp'
/usr/bin/cmake -E cmake_progress_report /home/dev/libwebsockets/CMakeFiles/CMakeTmp/CMakeFiles 1
Building C object CMakeFiles/cmTryCompileExec4178707397.dir/src.c.o
/usr/bin/cc  -DKEYWORD=inline -DHAVE_inline   -o CMakeFiles/cmTryCompileExec4178707397.dir/src.c.o   -c /home/dev/libwebsockets/CMakeFiles/CMakeTmp/src.c
Linking C executable cmTryCompileExec4178707397
/usr/bin/cmake -E cmake_link_script CMakeFiles/cmTryCompileExec4178707397.dir/link.txt --verbose=1
/usr/bin/cc     -DHAVE_inline    CMakeFiles/cmTryCompileExec4178707397.dir/src.c.o  -o cmTryCompileExec4178707397 -rdynamic 
make[1]: Leaving directory `/home/dev/libwebsockets/CMakeFiles/CMakeTmp'

Source file was:

		#include <stdio.h>
		KEYWORD void a() {}
		int main(int argc, char **argv) { a(); return 0; }
		
Performing C SOURCE FILE Test HAVE___inline__ succeded with the following output:
Change Dir: /home/dev/libwebsockets/CMakeFiles/CMakeTmp

Run Build Command:/usr/bin/make "cmTryCompileExec1828273912/fast"
/usr/bin/make -f CMakeFiles/cmTryCompileExec1828273912.dir/build.make CMakeFiles/cmTryCompileExec1828273912.dir/build
make[1]: Entering directory `/home/dev/libwebsockets/CMakeFiles/CMakeTmp'
/usr/bin/cmake -E cmake_progress_report /home/dev/libwebsockets/CMakeFiles/CMakeTmp/CMakeFiles 1
Building C object CMakeFiles/cmTryCompileExec1828273912.dir/src.c.o
/usr/bin/cc  -DKEYWORD=__inline__ -DHAVE___inline__   -o CMakeFiles/cmTryCompileExec1828273912.dir/src.c.o   -c /home/dev/libwebsockets/CMakeFiles/CMakeTmp/src.c
Linking C executable cmTryCompileExec1828273912
/usr/bin/cmake -E cmake_link_script CMakeFiles/cmTryCompileExec1828273912.dir/link.txt --verbose=1
/usr/bin/cc     -DHAVE___inline__    CMakeFiles/cmTryCompileExec1828273912.dir/src.c.o  -o cmTryCompileExec1828273912 -rdynamic 
make[1]: Leaving directory `/home/dev/libwebsockets/CMakeFiles/CMakeTmp'

Source file was:

		#include <stdio.h>
		KEYWORD void a() {}
		int main(int argc, char **argv) { a(); return 0; }
		
Performing C SOURCE FILE Test HAVE___inline succeded with the following output:
Change Dir: /home/dev/libwebsockets/CMakeFiles/CMakeTmp

Run Build Command:/usr/bin/make "cmTryCompileExec626280771/fast"
/usr/bin/make -f CMakeFiles/cmTryCompileExec626280771.dir/build.make CMakeFiles/cmTryCompileExec626280771.dir/build
make[1]: Entering directory `/home/dev/libwebsockets/CMakeFiles/CMakeTmp'
/usr/bin/cmake -E cmake_progress_report /home/dev/libwebsockets/CMakeFiles/CMakeTmp/CMakeFiles 1
Building C object CMakeFiles/cmTryCompileExec626280771.dir/src.c.o
/usr/bin/cc  -DKEYWORD=__inline -DHAVE___inline   -o CMakeFiles/cmTryCompileExec626280771.dir/src.c.o   -c /home/dev/libwebsockets/CMakeFiles/CMakeTmp/src.c
Linking C executable cmTryCompileExec626280771
/usr/bin/cmake -E cmake_link_script CMakeFiles/cmTryCompileExec626280771.dir/link.txt --verbose=1
/usr/bin/cc     -DHAVE___inline    CMakeFiles/cmTryCompileExec626280771.dir/src.c.o  -o cmTryCompileExec626280771 -rdynamic 
make[1]: Leaving directory `/home/dev/libwebsockets/CMakeFiles/CMakeTmp'

Source file was:

		#include <stdio.h>
		KEYWORD void a() {}
		int main(int argc, char **argv) { a(); return 0; }
		
Determining if the function bzero exists passed with the following output:
Change Dir: /home/dev/libwebsockets/CMakeFiles/CMakeTmp

Run Build Command:/usr/bin/make "cmTryCompileExec3566484082/fast"
/usr/bin/make -f CMakeFiles/cmTryCompileExec3566484082.dir/build.make CMakeFiles/cmTryCompileExec3566484082.dir/build
make[1]: Entering directory `/home/dev/libwebsockets/CMakeFiles/CMakeTmp'
/usr/bin/cmake -E cmake_progress_report /home/dev/libwebsockets/CMakeFiles/CMakeTmp/CMakeFiles 1
Building C object CMakeFiles/cmTryCompileExec3566484082.dir/CheckFunctionExists.c.o
/usr/bin/cc  -DKEYWORD=__inline -DCHECK_FUNCTION_EXISTS=bzero   -o CMakeFiles/cmTryCompileExec3566484082.dir/CheckFunctionExists.c.o   -c /usr/share/cmake-2.8/Modules/CheckFunctionExists.c
<command-line>:0:23: warning: conflicting types for built-in function ‘bzero’ [enabled by default]
/usr/share/cmake-2.8/Modules/CheckFunctionExists.c:3:6: note: in expansion of macro ‘CHECK_FUNCTION_EXISTS’
 char CHECK_FUNCTION_EXISTS();
      ^
Linking C executable cmTryCompileExec3566484082
/usr/bin/cmake -E cmake_link_script CMakeFiles/cmTryCompileExec3566484082.dir/link.txt --verbose=1
/usr/bin/cc     -DCHECK_FUNCTION_EXISTS=bzero    CMakeFiles/cmTryCompileExec3566484082.dir/CheckFunctionExists.c.o  -o cmTryCompileExec3566484082 -rdynamic 
make[1]: Leaving directory `/home/dev/libwebsockets/CMakeFiles/CMakeTmp'


Determining if the function fork exists passed with the following output:
Change Dir: /home/dev/libwebsockets/CMakeFiles/CMakeTmp

Run Build Command:/usr/bin/make "cmTryCompileExec4123863678/fast"
/usr/bin/make -f CMakeFiles/cmTryCompileExec4123863678.dir/build.make CMakeFiles/cmTryCompileExec4123863678.dir/build
make[1]: Entering directory `/home/dev/libwebsockets/CMakeFiles/CMakeTmp'
/usr/bin/cmake -E cmake_progress_report /home/dev/libwebsockets/CMakeFiles/CMakeTmp/CMakeFiles 1
Building C object CMakeFiles/cmTryCompileExec4123863678.dir/CheckFunctionExists.c.o
/usr/bin/cc  -DKEYWORD=__inline -DCHECK_FUNCTION_EXISTS=fork   -o CMakeFiles/cmTryCompileExec4123863678.dir/CheckFunctionExists.c.o   -c /usr/share/cmake-2.8/Modules/CheckFunctionExists.c
<command-line>:0:23: warning: conflicting types for built-in function ‘fork’ [enabled by default]
/usr/share/cmake-2.8/Modules/CheckFunctionExists.c:3:6: note: in expansion of macro ‘CHECK_FUNCTION_EXISTS’
 char CHECK_FUNCTION_EXISTS();
      ^
Linking C executable cmTryCompileExec4123863678
/usr/bin/cmake -E cmake_link_script CMakeFiles/cmTryCompileExec4123863678.dir/link.txt --verbose=1
/usr/bin/cc     -DCHECK_FUNCTION_EXISTS=fork    CMakeFiles/cmTryCompileExec4123863678.dir/CheckFunctionExists.c.o  -o cmTryCompileExec4123863678 -rdynamic 
make[1]: Leaving directory `/home/dev/libwebsockets/CMakeFiles/CMakeTmp'


Determining if the function malloc exists passed with the following output:
Change Dir: /home/dev/libwebsockets/CMakeFiles/CMakeTmp

Run Build Command:/usr/bin/make "cmTryCompileExec3925888696/fast"
/usr/bin/make -f CMakeFiles/cmTryCompileExec3925888696.dir/build.make CMakeFiles/cmTryCompileExec3925888696.dir/build
make[1]: Entering directory `/home/dev/libwebsockets/CMakeFiles/CMakeTmp'
/usr/bin/cmake -E cmake_progress_report /home/dev/libwebsockets/CMakeFiles/CMakeTmp/CMakeFiles 1
Building C object CMakeFiles/cmTryCompileExec3925888696.dir/CheckFunctionExists.c.o
/usr/bin/cc  -DKEYWORD=__inline -DCHECK_FUNCTION_EXISTS=malloc   -o CMakeFiles/cmTryCompileExec3925888696.dir/CheckFunctionExists.c.o   -c /usr/share/cmake-2.8/Modules/CheckFunctionExists.c
<command-line>:0:23: warning: conflicting types for built-in function ‘malloc’ [enabled by default]
/usr/share/cmake-2.8/Modules/CheckFunctionExists.c:3:6: note: in expansion of macro ‘CHECK_FUNCTION_EXISTS’
 char CHECK_FUNCTION_EXISTS();
      ^
Linking C executable cmTryCompileExec3925888696
/usr/bin/cmake -E cmake_link_script CMakeFiles/cmTryCompileExec3925888696.dir/link.txt --verbose=1
/usr/bin/cc     -DCHECK_FUNCTION_EXISTS=malloc    CMakeFiles/cmTryCompileExec3925888696.dir/CheckFunctionExists.c.o  -o cmTryCompileExec3925888696 -rdynamic 
make[1]: Leaving directory `/home/dev/libwebsockets/CMakeFiles/CMakeTmp'


Determining if the function memset exists passed with the following output:
Change Dir: /home/dev/libwebsockets/CMakeFiles/CMakeTmp

Run Build Command:/usr/bin/make "cmTryCompileExec2778640073/fast"
/usr/bin/make -f CMakeFiles/cmTryCompileExec2778640073.dir/build.make CMakeFiles/cmTryCompileExec2778640073.dir/build
make[1]: Entering directory `/home/dev/libwebsockets/CMakeFiles/CMakeTmp'
/usr/bin/cmake -E cmake_progress_report /home/dev/libwebsockets/CMakeFiles/CMakeTmp/CMakeFiles 1
Building C object CMakeFiles/cmTryCompileExec2778640073.dir/CheckFunctionExists.c.o
/usr/bin/cc  -DKEYWORD=__inline -DCHECK_FUNCTION_EXISTS=memset   -o CMakeFiles/cmTryCompileExec2778640073.dir/CheckFunctionExists.c.o   -c /usr/share/cmake-2.8/Modules/CheckFunctionExists.c
<command-line>:0:23: warning: conflicting types for built-in function ‘memset’ [enabled by default]
/usr/share/cmake-2.8/Modules/CheckFunctionExists.c:3:6: note: in expansion of macro ‘CHECK_FUNCTION_EXISTS’
 char CHECK_FUNCTION_EXISTS();
      ^
Linking C executable cmTryCompileExec2778640073
/usr/bin/cmake -E cmake_link_script CMakeFiles/cmTryCompileExec2778640073.dir/link.txt --verbose=1
/usr/bin/cc     -DCHECK_FUNCTION_EXISTS=memset    CMakeFiles/cmTryCompileExec2778640073.dir/CheckFunctionExists.c.o  -o cmTryCompileExec2778640073 -rdynamic 
make[1]: Leaving directory `/home/dev/libwebsockets/CMakeFiles/CMakeTmp'


Determining if the function realloc exists passed with the following output:
Change Dir: /home/dev/libwebsockets/CMakeFiles/CMakeTmp

Run Build Command:/usr/bin/make "cmTryCompileExec1140165105/fast"
/usr/bin/make -f CMakeFiles/cmTryCompileExec1140165105.dir/build.make CMakeFiles/cmTryCompileExec1140165105.dir/build
make[1]: Entering directory `/home/dev/libwebsockets/CMakeFiles/CMakeTmp'
/usr/bin/cmake -E cmake_progress_report /home/dev/libwebsockets/CMakeFiles/CMakeTmp/CMakeFiles 1
Building C object CMakeFiles/cmTryCompileExec1140165105.dir/CheckFunctionExists.c.o
/usr/bin/cc  -DKEYWORD=__inline -DCHECK_FUNCTION_EXISTS=realloc   -o CMakeFiles/cmTryCompileExec1140165105.dir/CheckFunctionExists.c.o   -c /usr/share/cmake-2.8/Modules/CheckFunctionExists.c
<command-line>:0:23: warning: conflicting types for built-in function ‘realloc’ [enabled by default]
/usr/share/cmake-2.8/Modules/CheckFunctionExists.c:3:6: note: in expansion of macro ‘CHECK_FUNCTION_EXISTS’
 char CHECK_FUNCTION_EXISTS();
      ^
Linking C executable cmTryCompileExec1140165105
/usr/bin/cmake -E cmake_link_script CMakeFiles/cmTryCompileExec1140165105.dir/link.txt --verbose=1
/usr/bin/cc     -DCHECK_FUNCTION_EXISTS=realloc    CMakeFiles/cmTryCompileExec1140165105.dir/CheckFunctionExists.c.o  -o cmTryCompileExec1140165105 -rdynamic 
make[1]: Leaving directory `/home/dev/libwebsockets/CMakeFiles/CMakeTmp'


Determining if the function socket exists passed with the following output:
Change Dir: /home/dev/libwebsockets/CMakeFiles/CMakeTmp

Run Build Command:/usr/bin/make "cmTryCompileExec3367397128/fast"
/usr/bin/make -f CMakeFiles/cmTryCompileExec3367397128.dir/build.make CMakeFiles/cmTryCompileExec3367397128.dir/build
make[1]: Entering directory `/home/dev/libwebsockets/CMakeFiles/CMakeTmp'
/usr/bin/cmake -E cmake_progress_report /home/dev/libwebsockets/CMakeFiles/CMakeTmp/CMakeFiles 1
Building C object CMakeFiles/cmTryCompileExec3367397128.dir/CheckFunctionExists.c.o
/usr/bin/cc  -DKEYWORD=__inline -DCHECK_FUNCTION_EXISTS=socket   -o CMakeFiles/cmTryCompileExec3367397128.dir/CheckFunctionExists.c.o   -c /usr/share/cmake-2.8/Modules/CheckFunctionExists.c
Linking C executable cmTryCompileExec3367397128
/usr/bin/cmake -E cmake_link_script CMakeFiles/cmTryCompileExec3367397128.dir/link.txt --verbose=1
/usr/bin/cc     -DCHECK_FUNCTION_EXISTS=socket    CMakeFiles/cmTryCompileExec3367397128.dir/CheckFunctionExists.c.o  -o cmTryCompileExec3367397128 -rdynamic 
make[1]: Leaving directory `/home/dev/libwebsockets/CMakeFiles/CMakeTmp'


Determining if the function strerror exists passed with the following output:
Change Dir: /home/dev/libwebsockets/CMakeFiles/CMakeTmp

Run Build Command:/usr/bin/make "cmTryCompileExec1114091077/fast"
/usr/bin/make -f CMakeFiles/cmTryCompileExec1114091077.dir/build.make CMakeFiles/cmTryCompileExec1114091077.dir/build
make[1]: Entering directory `/home/dev/libwebsockets/CMakeFiles/CMakeTmp'
/usr/bin/cmake -E cmake_progress_report /home/dev/libwebsockets/CMakeFiles/CMakeTmp/CMakeFiles 1
Building C object CMakeFiles/cmTryCompileExec1114091077.dir/CheckFunctionExists.c.o
/usr/bin/cc  -DKEYWORD=__inline -DCHECK_FUNCTION_EXISTS=strerror   -o CMakeFiles/cmTryCompileExec1114091077.dir/CheckFunctionExists.c.o   -c /usr/share/cmake-2.8/Modules/CheckFunctionExists.c
Linking C executable cmTryCompileExec1114091077
/usr/bin/cmake -E cmake_link_script CMakeFiles/cmTryCompileExec1114091077.dir/link.txt --verbose=1
/usr/bin/cc     -DCHECK_FUNCTION_EXISTS=strerror    CMakeFiles/cmTryCompileExec1114091077.dir/CheckFunctionExists.c.o  -o cmTryCompileExec1114091077 -rdynamic 
make[1]: Leaving directory `/home/dev/libwebsockets/CMakeFiles/CMakeTmp'


Determining if the function vfork exists passed with the following output:
Change Dir: /home/dev/libwebsockets/CMakeFiles/CMakeTmp

Run Build Command:/usr/bin/make "cmTryCompileExec4108098145/fast"
/usr/bin/make -f CMakeFiles/cmTryCompileExec4108098145.dir/build.make CMakeFiles/cmTryCompileExec4108098145.dir/build
make[1]: Entering directory `/home/dev/libwebsockets/CMakeFiles/CMakeTmp'
/usr/bin/cmake -E cmake_progress_report /home/dev/libwebsockets/CMakeFiles/CMakeTmp/CMakeFiles 1
Building C object CMakeFiles/cmTryCompileExec4108098145.dir/CheckFunctionExists.c.o
/usr/bin/cc  -DKEYWORD=__inline -DCHECK_FUNCTION_EXISTS=vfork   -o CMakeFiles/cmTryCompileExec4108098145.dir/CheckFunctionExists.c.o   -c /usr/share/cmake-2.8/Modules/CheckFunctionExists.c
Linking C executable cmTryCompileExec4108098145
/usr/bin/cmake -E cmake_link_script CMakeFiles/cmTryCompileExec4108098145.dir/link.txt --verbose=1
/usr/bin/cc     -DCHECK_FUNCTION_EXISTS=vfork    CMakeFiles/cmTryCompileExec4108098145.dir/CheckFunctionExists.c.o  -o cmTryCompileExec4108098145 -rdynamic 
make[1]: Leaving directory `/home/dev/libwebsockets/CMakeFiles/CMakeTmp'


Determining if the function getifaddrs exists passed with the following output:
Change Dir: /home/dev/libwebsockets/CMakeFiles/CMakeTmp

Run Build Command:/usr/bin/make "cmTryCompileExec2364222854/fast"
/usr/bin/make -f CMakeFiles/cmTryCompileExec2364222854.dir/build.make CMakeFiles/cmTryCompileExec2364222854.dir/build
make[1]: Entering directory `/home/dev/libwebsockets/CMakeFiles/CMakeTmp'
/usr/bin/cmake -E cmake_progress_report /home/dev/libwebsockets/CMakeFiles/CMakeTmp/CMakeFiles 1
Building C object CMakeFiles/cmTryCompileExec2364222854.dir/CheckFunctionExists.c.o
/usr/bin/cc  -DKEYWORD=__inline -DCHECK_FUNCTION_EXISTS=getifaddrs   -o CMakeFiles/cmTryCompileExec2364222854.dir/CheckFunctionExists.c.o   -c /usr/share/cmake-2.8/Modules/CheckFunctionExists.c
Linking C executable cmTryCompileExec2364222854
/usr/bin/cmake -E cmake_link_script CMakeFiles/cmTryCompileExec2364222854.dir/link.txt --verbose=1
/usr/bin/cc     -DCHECK_FUNCTION_EXISTS=getifaddrs    CMakeFiles/cmTryCompileExec2364222854.dir/CheckFunctionExists.c.o  -o cmTryCompileExec2364222854 -rdynamic 
make[1]: Leaving directory `/home/dev/libwebsockets/CMakeFiles/CMakeTmp'


Determining if the include file dlfcn.h exists passed with the following output:
Change Dir: /home/dev/libwebsockets/CMakeFiles/CMakeTmp

Run Build Command:/usr/bin/make "cmTryCompileExec948908310/fast"
/usr/bin/make -f CMakeFiles/cmTryCompileExec948908310.dir/build.make CMakeFiles/cmTryCompileExec948908310.dir/build
make[1]: Entering directory `/home/dev/libwebsockets/CMakeFiles/CMakeTmp'
/usr/bin/cmake -E cmake_progress_report /home/dev/libwebsockets/CMakeFiles/CMakeTmp/CMakeFiles 1
Building C object CMakeFiles/cmTryCompileExec948908310.dir/CheckIncludeFile.c.o
/usr/bin/cc  -DKEYWORD=__inline  -o CMakeFiles/cmTryCompileExec948908310.dir/CheckIncludeFile.c.o   -c /home/dev/libwebsockets/CMakeFiles/CMakeTmp/CheckIncludeFile.c
Linking C executable cmTryCompileExec948908310
/usr/bin/cmake -E cmake_link_script CMakeFiles/cmTryCompileExec948908310.dir/link.txt --verbose=1
/usr/bin/cc         CMakeFiles/cmTryCompileExec948908310.dir/CheckIncludeFile.c.o  -o cmTryCompileExec948908310 -rdynamic 
make[1]: Leaving directory `/home/dev/libwebsockets/CMakeFiles/CMakeTmp'


Determining if the include file fcntl.h exists passed with the following output:
Change Dir: /home/dev/libwebsockets/CMakeFiles/CMakeTmp

Run Build Command:/usr/bin/make "cmTryCompileExec841011038/fast"
/usr/bin/make -f CMakeFiles/cmTryCompileExec841011038.dir/build.make CMakeFiles/cmTryCompileExec841011038.dir/build
make[1]: Entering directory `/home/dev/libwebsockets/CMakeFiles/CMakeTmp'
/usr/bin/cmake -E cmake_progress_report /home/dev/libwebsockets/CMakeFiles/CMakeTmp/CMakeFiles 1
Building C object CMakeFiles/cmTryCompileExec841011038.dir/CheckIncludeFile.c.o
/usr/bin/cc  -DKEYWORD=__inline  -o CMakeFiles/cmTryCompileExec841011038.dir/CheckIncludeFile.c.o   -c /home/dev/libwebsockets/CMakeFiles/CMakeTmp/CheckIncludeFile.c
Linking C executable cmTryCompileExec841011038
/usr/bin/cmake -E cmake_link_script CMakeFiles/cmTryCompileExec841011038.dir/link.txt --verbose=1
/usr/bin/cc         CMakeFiles/cmTryCompileExec841011038.dir/CheckIncludeFile.c.o  -o cmTryCompileExec841011038 -rdynamic 
make[1]: Leaving directory `/home/dev/libwebsockets/CMakeFiles/CMakeTmp'


Determining if the include file inttypes.h exists passed with the following output:
Change Dir: /home/dev/libwebsockets/CMakeFiles/CMakeTmp

Run Build Command:/usr/bin/make "cmTryCompileExec3956070219/fast"
/usr/bin/make -f CMakeFiles/cmTryCompileExec3956070219.dir/build.make CMakeFiles/cmTryCompileExec3956070219.dir/build
make[1]: Entering directory `/home/dev/libwebsockets/CMakeFiles/CMakeTmp'
/usr/bin/cmake -E cmake_progress_report /home/dev/libwebsockets/CMakeFiles/CMakeTmp/CMakeFiles 1
Building C object CMakeFiles/cmTryCompileExec3956070219.dir/CheckIncludeFile.c.o
/usr/bin/cc  -DKEYWORD=__inline  -o CMakeFiles/cmTryCompileExec3956070219.dir/CheckIncludeFile.c.o   -c /home/dev/libwebsockets/CMakeFiles/CMakeTmp/CheckIncludeFile.c
Linking C executable cmTryCompileExec3956070219
/usr/bin/cmake -E cmake_link_script CMakeFiles/cmTryCompileExec3956070219.dir/link.txt --verbose=1
/usr/bin/cc         CMakeFiles/cmTryCompileExec3956070219.dir/CheckIncludeFile.c.o  -o cmTryCompileExec3956070219 -rdynamic 
make[1]: Leaving directory `/home/dev/libwebsockets/CMakeFiles/CMakeTmp'


Determining if the include file memory.h exists passed with the following output:
Change Dir: /home/dev/libwebsockets/CMakeFiles/CMakeTmp

Run Build Command:/usr/bin/make "cmTryCompileExec2986835867/fast"
/usr/bin/make -f CMakeFiles/cmTryCompileExec2986835867.dir/build.make CMakeFiles/cmTryCompileExec2986835867.dir/build
make[1]: Entering directory `/home/dev/libwebsockets/CMakeFiles/CMakeTmp'
/usr/bin/cmake -E cmake_progress_report /home/dev/libwebsockets/CMakeFiles/CMakeTmp/CMakeFiles 1
Building C object CMakeFiles/cmTryCompileExec2986835867.dir/CheckIncludeFile.c.o
/usr/bin/cc  -DKEYWORD=__inline  -o CMakeFiles/cmTryCompileExec2986835867.dir/CheckIncludeFile.c.o   -c /home/dev/libwebsockets/CMakeFiles/CMakeTmp/CheckIncludeFile.c
Linking C executable cmTryCompileExec2986835867
/usr/bin/cmake -E cmake_link_script CMakeFiles/cmTryCompileExec2986835867.dir/link.txt --verbose=1
/usr/bin/cc         CMakeFiles/cmTryCompileExec2986835867.dir/CheckIncludeFile.c.o  -o cmTryCompileExec2986835867 -rdynamic 
make[1]: Leaving directory `/home/dev/libwebsockets/CMakeFiles/CMakeTmp'


Determining if the include file netinet/in.h exists passed with the following output:
Change Dir: /home/dev/libwebsockets/CMakeFiles/CMakeTmp

Run Build Command:/usr/bin/make "cmTryCompileExec1075658227/fast"
/usr/bin/make -f CMakeFiles/cmTryCompileExec1075658227.dir/build.make CMakeFiles/cmTryCompileExec1075658227.dir/build
make[1]: Entering directory `/home/dev/libwebsockets/CMakeFiles/CMakeTmp'
/usr/bin/cmake -E cmake_progress_report /home/dev/libwebsockets/CMakeFiles/CMakeTmp/CMakeFiles 1
Building C object CMakeFiles/cmTryCompileExec1075658227.dir/CheckIncludeFile.c.o
/usr/bin/cc  -DKEYWORD=__inline  -o CMakeFiles/cmTryCompileExec1075658227.dir/CheckIncludeFile.c.o   -c /home/dev/libwebsockets/CMakeFiles/CMakeTmp/CheckIncludeFile.c
Linking C executable cmTryCompileExec1075658227
/usr/bin/cmake -E cmake_link_script CMakeFiles/cmTryCompileExec1075658227.dir/link.txt --verbose=1
/usr/bin/cc         CMakeFiles/cmTryCompileExec1075658227.dir/CheckIncludeFile.c.o  -o cmTryCompileExec1075658227 -rdynamic 
make[1]: Leaving directory `/home/dev/libwebsockets/CMakeFiles/CMakeTmp'


Determining if the include file stdint.h exists passed with the following output:
Change Dir: /home/dev/libwebsockets/CMakeFiles/CMakeTmp

Run Build Command:/usr/bin/make "cmTryCompileExec888662675/fast"
/usr/bin/make -f CMakeFiles/cmTryCompileExec888662675.dir/build.make CMakeFiles/cmTryCompileExec888662675.dir/build
make[1]: Entering directory `/home/dev/libwebsockets/CMakeFiles/CMakeTmp'
/usr/bin/cmake -E cmake_progress_report /home/dev/libwebsockets/CMakeFiles/CMakeTmp/CMakeFiles 1
Building C object CMakeFiles/cmTryCompileExec888662675.dir/CheckIncludeFile.c.o
/usr/bin/cc  -DKEYWORD=__inline  -o CMakeFiles/cmTryCompileExec888662675.dir/CheckIncludeFile.c.o   -c /home/dev/libwebsockets/CMakeFiles/CMakeTmp/CheckIncludeFile.c
Linking C executable cmTryCompileExec888662675
/usr/bin/cmake -E cmake_link_script CMakeFiles/cmTryCompileExec888662675.dir/link.txt --verbose=1
/usr/bin/cc         CMakeFiles/cmTryCompileExec888662675.dir/CheckIncludeFile.c.o  -o cmTryCompileExec888662675 -rdynamic 
make[1]: Leaving directory `/home/dev/libwebsockets/CMakeFiles/CMakeTmp'


Determining if the include file stdlib.h exists passed with the following output:
Change Dir: /home/dev/libwebsockets/CMakeFiles/CMakeTmp

Run Build Command:/usr/bin/make "cmTryCompileExec2833939147/fast"
/usr/bin/make -f CMakeFiles/cmTryCompileExec2833939147.dir/build.make CMakeFiles/cmTryCompileExec2833939147.dir/build
make[1]: Entering directory `/home/dev/libwebsockets/CMakeFiles/CMakeTmp'
/usr/bin/cmake -E cmake_progress_report /home/dev/libwebsockets/CMakeFiles/CMakeTmp/CMakeFiles 1
Building C object CMakeFiles/cmTryCompileExec2833939147.dir/CheckIncludeFile.c.o
/usr/bin/cc  -DKEYWORD=__inline  -o CMakeFiles/cmTryCompileExec2833939147.dir/CheckIncludeFile.c.o   -c /home/dev/libwebsockets/CMakeFiles/CMakeTmp/CheckIncludeFile.c
Linking C executable cmTryCompileExec2833939147
/usr/bin/cmake -E cmake_link_script CMakeFiles/cmTryCompileExec2833939147.dir/link.txt --verbose=1
/usr/bin/cc         CMakeFiles/cmTryCompileExec2833939147.dir/CheckIncludeFile.c.o  -o cmTryCompileExec2833939147 -rdynamic 
make[1]: Leaving directory `/home/dev/libwebsockets/CMakeFiles/CMakeTmp'


Determining if the include file strings.h exists passed with the following output:
Change Dir: /home/dev/libwebsockets/CMakeFiles/CMakeTmp

Run Build Command:/usr/bin/make "cmTryCompileExec1860187031/fast"
/usr/bin/make -f CMakeFiles/cmTryCompileExec1860187031.dir/build.make CMakeFiles/cmTryCompileExec1860187031.dir/build
make[1]: Entering directory `/home/dev/libwebsockets/CMakeFiles/CMakeTmp'
/usr/bin/cmake -E cmake_progress_report /home/dev/libwebsockets/CMakeFiles/CMakeTmp/CMakeFiles 1
Building C object CMakeFiles/cmTryCompileExec1860187031.dir/CheckIncludeFile.c.o
/usr/bin/cc  -DKEYWORD=__inline  -o CMakeFiles/cmTryCompileExec1860187031.dir/CheckIncludeFile.c.o   -c /home/dev/libwebsockets/CMakeFiles/CMakeTmp/CheckIncludeFile.c
Linking C executable cmTryCompileExec1860187031
/usr/bin/cmake -E cmake_link_script CMakeFiles/cmTryCompileExec1860187031.dir/link.txt --verbose=1
/usr/bin/cc         CMakeFiles/cmTryCompileExec1860187031.dir/CheckIncludeFile.c.o  -o cmTryCompileExec1860187031 -rdynamic 
make[1]: Leaving directory `/home/dev/libwebsockets/CMakeFiles/CMakeTmp'


Determining if the include file string.h exists passed with the following output:
Change Dir: /home/dev/libwebsockets/CMakeFiles/CMakeTmp

Run Build Command:/usr/bin/make "cmTryCompileExec1335712541/fast"
/usr/bin/make -f CMakeFiles/cmTryCompileExec1335712541.dir/build.make CMakeFiles/cmTryCompileExec1335712541.dir/build
make[1]: Entering directory `/home/dev/libwebsockets/CMakeFiles/CMakeTmp'
/usr/bin/cmake -E cmake_progress_report /home/dev/libwebsockets/CMakeFiles/CMakeTmp/CMakeFiles 1
Building C object CMakeFiles/cmTryCompileExec1335712541.dir/CheckIncludeFile.c.o
/usr/bin/cc  -DKEYWORD=__inline  -o CMakeFiles/cmTryCompileExec1335712541.dir/CheckIncludeFile.c.o   -c /home/dev/libwebsockets/CMakeFiles/CMakeTmp/CheckIncludeFile.c
Linking C executable cmTryCompileExec1335712541
/usr/bin/cmake -E cmake_link_script CMakeFiles/cmTryCompileExec1335712541.dir/link.txt --verbose=1
/usr/bin/cc         CMakeFiles/cmTryCompileExec1335712541.dir/CheckIncludeFile.c.o  -o cmTryCompileExec1335712541 -rdynamic 
make[1]: Leaving directory `/home/dev/libwebsockets/CMakeFiles/CMakeTmp'


Determining if the include file sys/prctl.h exists passed with the following output:
Change Dir: /home/dev/libwebsockets/CMakeFiles/CMakeTmp

Run Build Command:/usr/bin/make "cmTryCompileExec1557556143/fast"
/usr/bin/make -f CMakeFiles/cmTryCompileExec1557556143.dir/build.make CMakeFiles/cmTryCompileExec1557556143.dir/build
make[1]: Entering directory `/home/dev/libwebsockets/CMakeFiles/CMakeTmp'
/usr/bin/cmake -E cmake_progress_report /home/dev/libwebsockets/CMakeFiles/CMakeTmp/CMakeFiles 1
Building C object CMakeFiles/cmTryCompileExec1557556143.dir/CheckIncludeFile.c.o
/usr/bin/cc  -DKEYWORD=__inline  -o CMakeFiles/cmTryCompileExec1557556143.dir/CheckIncludeFile.c.o   -c /home/dev/libwebsockets/CMakeFiles/CMakeTmp/CheckIncludeFile.c
Linking C executable cmTryCompileExec1557556143
/usr/bin/cmake -E cmake_link_script CMakeFiles/cmTryCompileExec1557556143.dir/link.txt --verbose=1
/usr/bin/cc         CMakeFiles/cmTryCompileExec1557556143.dir/CheckIncludeFile.c.o  -o cmTryCompileExec1557556143 -rdynamic 
make[1]: Leaving directory `/home/dev/libwebsockets/CMakeFiles/CMakeTmp'


Determining if the include file sys/socket.h exists passed with the following output:
Change Dir: /home/dev/libwebsockets/CMakeFiles/CMakeTmp

Run Build Command:/usr/bin/make "cmTryCompileExec514443300/fast"
/usr/bin/make -f CMakeFiles/cmTryCompileExec514443300.dir/build.make CMakeFiles/cmTryCompileExec514443300.dir/build
make[1]: Entering directory `/home/dev/libwebsockets/CMakeFiles/CMakeTmp'
/usr/bin/cmake -E cmake_progress_report /home/dev/libwebsockets/CMakeFiles/CMakeTmp/CMakeFiles 1
Building C object CMakeFiles/cmTryCompileExec514443300.dir/CheckIncludeFile.c.o
/usr/bin/cc  -DKEYWORD=__inline  -o CMakeFiles/cmTryCompileExec514443300.dir/CheckIncludeFile.c.o   -c /home/dev/libwebsockets/CMakeFiles/CMakeTmp/CheckIncludeFile.c
Linking C executable cmTryCompileExec514443300
/usr/bin/cmake -E cmake_link_script CMakeFiles/cmTryCompileExec514443300.dir/link.txt --verbose=1
/usr/bin/cc         CMakeFiles/cmTryCompileExec514443300.dir/CheckIncludeFile.c.o  -o cmTryCompileExec514443300 -rdynamic 
make[1]: Leaving directory `/home/dev/libwebsockets/CMakeFiles/CMakeTmp'


Determining if the include file sys/stat.h exists passed with the following output:
Change Dir: /home/dev/libwebsockets/CMakeFiles/CMakeTmp

Run Build Command:/usr/bin/make "cmTryCompileExec2052379462/fast"
/usr/bin/make -f CMakeFiles/cmTryCompileExec2052379462.dir/build.make CMakeFiles/cmTryCompileExec2052379462.dir/build
make[1]: Entering directory `/home/dev/libwebsockets/CMakeFiles/CMakeTmp'
/usr/bin/cmake -E cmake_progress_report /home/dev/libwebsockets/CMakeFiles/CMakeTmp/CMakeFiles 1
Building C object CMakeFiles/cmTryCompileExec2052379462.dir/CheckIncludeFile.c.o
/usr/bin/cc  -DKEYWORD=__inline  -o CMakeFiles/cmTryCompileExec2052379462.dir/CheckIncludeFile.c.o   -c /home/dev/libwebsockets/CMakeFiles/CMakeTmp/CheckIncludeFile.c
Linking C executable cmTryCompileExec2052379462
/usr/bin/cmake -E cmake_link_script CMakeFiles/cmTryCompileExec2052379462.dir/link.txt --verbose=1
/usr/bin/cc         CMakeFiles/cmTryCompileExec2052379462.dir/CheckIncludeFile.c.o  -o cmTryCompileExec2052379462 -rdynamic 
make[1]: Leaving directory `/home/dev/libwebsockets/CMakeFiles/CMakeTmp'


Determining if the include file sys/types.h exists passed with the following output:
Change Dir: /home/dev/libwebsockets/CMakeFiles/CMakeTmp

Run Build Command:/usr/bin/make "cmTryCompileExec2203465185/fast"
/usr/bin/make -f CMakeFiles/cmTryCompileExec2203465185.dir/build.make CMakeFiles/cmTryCompileExec2203465185.dir/build
make[1]: Entering directory `/home/dev/libwebsockets/CMakeFiles/CMakeTmp'
/usr/bin/cmake -E cmake_progress_report /home/dev/libwebsockets/CMakeFiles/CMakeTmp/CMakeFiles 1
Building C object CMakeFiles/cmTryCompileExec2203465185.dir/CheckIncludeFile.c.o
/usr/bin/cc  -DKEYWORD=__inline  -o CMakeFiles/cmTryCompileExec2203465185.dir/CheckIncludeFile.c.o   -c /home/dev/libwebsockets/CMakeFiles/CMakeTmp/CheckIncludeFile.c
Linking C executable cmTryCompileExec2203465185
/usr/bin/cmake -E cmake_link_script CMakeFiles/cmTryCompileExec2203465185.dir/link.txt --verbose=1
/usr/bin/cc         CMakeFiles/cmTryCompileExec2203465185.dir/CheckIncludeFile.c.o  -o cmTryCompileExec2203465185 -rdynamic 
make[1]: Leaving directory `/home/dev/libwebsockets/CMakeFiles/CMakeTmp'


Determining if the include file unistd.h exists passed with the following output:
Change Dir: /home/dev/libwebsockets/CMakeFiles/CMakeTmp

Run Build Command:/usr/bin/make "cmTryCompileExec1016898480/fast"
/usr/bin/make -f CMakeFiles/cmTryCompileExec1016898480.dir/build.make CMakeFiles/cmTryCompileExec1016898480.dir/build
make[1]: Entering directory `/home/dev/libwebsockets/CMakeFiles/CMakeTmp'
/usr/bin/cmake -E cmake_progress_report /home/dev/libwebsockets/CMakeFiles/CMakeTmp/CMakeFiles 1
Building C object CMakeFiles/cmTryCompileExec1016898480.dir/CheckIncludeFile.c.o
/usr/bin/cc  -DKEYWORD=__inline  -o CMakeFiles/cmTryCompileExec1016898480.dir/CheckIncludeFile.c.o   -c /home/dev/libwebsockets/CMakeFiles/CMakeTmp/CheckIncludeFile.c
Linking C executable cmTryCompileExec1016898480
/usr/bin/cmake -E cmake_link_script CMakeFiles/cmTryCompileExec1016898480.dir/link.txt --verbose=1
/usr/bin/cc         CMakeFiles/cmTryCompileExec1016898480.dir/CheckIncludeFile.c.o  -o cmTryCompileExec1016898480 -rdynamic 
make[1]: Leaving directory `/home/dev/libwebsockets/CMakeFiles/CMakeTmp'


Determining if the include file zlib.h exists passed with the following output:
Change Dir: /home/dev/libwebsockets/CMakeFiles/CMakeTmp

Run Build Command:/usr/bin/make "cmTryCompileExec2737766541/fast"
/usr/bin/make -f CMakeFiles/cmTryCompileExec2737766541.dir/build.make CMakeFiles/cmTryCompileExec2737766541.dir/build
make[1]: Entering directory `/home/dev/libwebsockets/CMakeFiles/CMakeTmp'
/usr/bin/cmake -E cmake_progress_report /home/dev/libwebsockets/CMakeFiles/CMakeTmp/CMakeFiles 1
Building C object CMakeFiles/cmTryCompileExec2737766541.dir/CheckIncludeFile.c.o
/usr/bin/cc  -DKEYWORD=__inline  -o CMakeFiles/cmTryCompileExec2737766541.dir/CheckIncludeFile.c.o   -c /home/dev/libwebsockets/CMakeFiles/CMakeTmp/CheckIncludeFile.c
Linking C executable cmTryCompileExec2737766541
/usr/bin/cmake -E cmake_link_script CMakeFiles/cmTryCompileExec2737766541.dir/link.txt --verbose=1
/usr/bin/cc         CMakeFiles/cmTryCompileExec2737766541.dir/CheckIncludeFile.c.o  -o cmTryCompileExec2737766541 -rdynamic 
make[1]: Leaving directory `/home/dev/libwebsockets/CMakeFiles/CMakeTmp'


Determining if files stdlib.h;stdarg.h;string.h;float.h exist passed with the following output:
Change Dir: /home/dev/libwebsockets/CMakeFiles/CMakeTmp

Run Build Command:/usr/bin/make "cmTryCompileExec2179331137/fast"
/usr/bin/make -f CMakeFiles/cmTryCompileExec2179331137.dir/build.make CMakeFiles/cmTryCompileExec2179331137.dir/build
make[1]: Entering directory `/home/dev/libwebsockets/CMakeFiles/CMakeTmp'
/usr/bin/cmake -E cmake_progress_report /home/dev/libwebsockets/CMakeFiles/CMakeTmp/CMakeFiles 1
Building C object CMakeFiles/cmTryCompileExec2179331137.dir/CheckIncludeFiles.c.o
/usr/bin/cc  -DKEYWORD=__inline  -o CMakeFiles/cmTryCompileExec2179331137.dir/CheckIncludeFiles.c.o   -c /home/dev/libwebsockets/CMakeFiles/CMakeTmp/CheckIncludeFiles.c
Linking C executable cmTryCompileExec2179331137
/usr/bin/cmake -E cmake_link_script CMakeFiles/cmTryCompileExec2179331137.dir/link.txt --verbose=1
/usr/bin/cc         CMakeFiles/cmTryCompileExec2179331137.dir/CheckIncludeFiles.c.o  -o cmTryCompileExec2179331137 -rdynamic 
make[1]: Leaving directory `/home/dev/libwebsockets/CMakeFiles/CMakeTmp'


